Added Component: Designator=1(HDR2.54-LI-3P)
Add component (AddParameter): Name = "BOM名称"; Value = "3P接插件"; VariantName = "[No Variations]"
Add component (AddParameter): Name = "学习资源"; Value = "www.ooocke.com"; VariantName = "[No Variations]"
Add component (AddParameter): Name = "版权归属"; Value = "源创客"; VariantName = "[No Variations]"
Added Component: Designator=2(HDR2.54-LI-3P)
Add component (AddParameter): Name = "BOM名称"; Value = "3P接插件"; VariantName = "[No Variations]"
Add component (AddParameter): Name = "学习资源"; Value = "www.ooocke.com"; VariantName = "[No Variations]"
Add component (AddParameter): Name = "版权归属"; Value = "源创客"; VariantName = "[No Variations]"
Added Component: Designator=3(HDR2.54-LI-3P)
Add component (AddParameter): Name = "BOM名称"; Value = "3P接插件"; VariantName = "[No Variations]"
Add component (AddParameter): Name = "学习资源"; Value = "www.ooocke.com"; VariantName = "[No Variations]"
Add component (AddParameter): Name = "版权归属"; Value = "源创客"; VariantName = "[No Variations]"
Added Component: Designator=4(HDR2.54-LI-3P)
Add component (AddParameter): Name = "BOM名称"; Value = "3P接插件"; VariantName = "[No Variations]"
Add component (AddParameter): Name = "学习资源"; Value = "www.ooocke.com"; VariantName = "[No Variations]"
Add component (AddParameter): Name = "版权归属"; Value = "源创客"; VariantName = "[No Variations]"
Added Component: Designator=5(HDR2.54-LI-3P)
Add component (AddParameter): Name = "BOM名称"; Value = "3P接插件"; VariantName = "[No Variations]"
Add component (AddParameter): Name = "学习资源"; Value = "www.ooocke.com"; VariantName = "[No Variations]"
Add component (AddParameter): Name = "版权归属"; Value = "源创客"; VariantName = "[No Variations]"
Added Component: Designator=6(HDR2.54-LI-3P)
Add component (AddParameter): Name = "BOM名称"; Value = "3P接插件"; VariantName = "[No Variations]"
Add component (AddParameter): Name = "学习资源"; Value = "www.ooocke.com"; VariantName = "[No Variations]"
Add component (AddParameter): Name = "版权归属"; Value = "源创客"; VariantName = "[No Variations]"
Added Component: Designator=C1(CM D(6.3*7.7))
Add component (AddParameter): Name = "BOM名称"; Value = "贴片电解电容"; VariantName = "[No Variations]"
Add component (AddParameter): Name = "学习资源"; Value = "www.ooocke.com"; VariantName = "[No Variations]"
Add component (AddParameter): Name = "版权归属"; Value = "源创客"; VariantName = "[No Variations]"
Added Component: Designator=C2(C 0603_M)
Add component (AddParameter): Name = "BOM名称"; Value = "无极性贴片电容"; VariantName = "[No Variations]"
Add component (AddParameter): Name = "学习资源"; Value = "www.ooocke.com"; VariantName = "[No Variations]"
Add component (AddParameter): Name = "版权归属"; Value = "源创客"; VariantName = "[No Variations]"
Added Component: Designator=C3(C 0603_M)
Add component (AddParameter): Name = "BOM名称"; Value = "无极性贴片电容"; VariantName = "[No Variations]"
Add component (AddParameter): Name = "学习资源"; Value = "www.ooocke.com"; VariantName = "[No Variations]"
Add component (AddParameter): Name = "版权归属"; Value = "源创客"; VariantName = "[No Variations]"
Added Component: Designator=C4(C 0603_M)
Add component (AddParameter): Name = "BOM名称"; Value = "无极性贴片电容"; VariantName = "[No Variations]"
Add component (AddParameter): Name = "学习资源"; Value = "www.ooocke.com"; VariantName = "[No Variations]"
Add component (AddParameter): Name = "版权归属"; Value = "源创客"; VariantName = "[No Variations]"
Added Component: Designator=C5(C 0603_M)
Add component (AddParameter): Name = "BOM名称"; Value = "无极性贴片电容"; VariantName = "[No Variations]"
Add component (AddParameter): Name = "学习资源"; Value = "www.ooocke.com"; VariantName = "[No Variations]"
Add component (AddParameter): Name = "版权归属"; Value = "源创客"; VariantName = "[No Variations]"
Added Component: Designator=C6(C 0603_M)
Add component (AddParameter): Name = "BOM名称"; Value = "无极性贴片电容"; VariantName = "[No Variations]"
Add component (AddParameter): Name = "学习资源"; Value = "www.ooocke.com"; VariantName = "[No Variations]"
Add component (AddParameter): Name = "版权归属"; Value = "源创客"; VariantName = "[No Variations]"
Added Component: Designator=C7(C 0603_M)
Add component (AddParameter): Name = "BOM名称"; Value = "无极性贴片电容"; VariantName = "[No Variations]"
Add component (AddParameter): Name = "学习资源"; Value = "www.ooocke.com"; VariantName = "[No Variations]"
Add component (AddParameter): Name = "版权归属"; Value = "源创客"; VariantName = "[No Variations]"
Added Component: Designator=C8(C 0603_M)
Add component (AddParameter): Name = "BOM名称"; Value = "无极性贴片电容"; VariantName = "[No Variations]"
Add component (AddParameter): Name = "学习资源"; Value = "www.ooocke.com"; VariantName = "[No Variations]"
Add component (AddParameter): Name = "版权归属"; Value = "源创客"; VariantName = "[No Variations]"
Added Component: Designator=D1(LED 0603R)
Add component (AddParameter): Name = "BOM名称"; Value = "贴片LED"; VariantName = "[No Variations]"
Add component (AddParameter): Name = "学习资源"; Value = "www.ooocke.com"; VariantName = "[No Variations]"
Add component (AddParameter): Name = "版权归属"; Value = "源创客"; VariantName = "[No Variations]"
Added Component: Designator=LED1(LED 0603G)
Add component (AddParameter): Name = "BOM名称"; Value = "贴片LED"; VariantName = "[No Variations]"
Add component (AddParameter): Name = "学习资源"; Value = "www.ooocke.com"; VariantName = "[No Variations]"
Add component (AddParameter): Name = "版权归属"; Value = "源创客"; VariantName = "[No Variations]"
Added Component: Designator=LED2(LED 0603G)
Add component (AddParameter): Name = "BOM名称"; Value = "贴片LED"; VariantName = "[No Variations]"
Add component (AddParameter): Name = "学习资源"; Value = "www.ooocke.com"; VariantName = "[No Variations]"
Add component (AddParameter): Name = "版权归属"; Value = "源创客"; VariantName = "[No Variations]"
Added Component: Designator=M1(XH2.54-LI-2P)
Add component (AddParameter): Name = "BOM名称"; Value = "2P接插件"; VariantName = "[No Variations]"
Add component (AddParameter): Name = "学习资源"; Value = "www.ooocke.com"; VariantName = "[No Variations]"
Add component (AddParameter): Name = "版权归属"; Value = "源创客"; VariantName = "[No Variations]"
Added Component: Designator=M2(XH2.54-LI-2P)
Add component (AddParameter): Name = "BOM名称"; Value = "2P接插件"; VariantName = "[No Variations]"
Add component (AddParameter): Name = "学习资源"; Value = "www.ooocke.com"; VariantName = "[No Variations]"
Add component (AddParameter): Name = "版权归属"; Value = "源创客"; VariantName = "[No Variations]"
Added Component: Designator=M3(XH2.54-LI-2P)
Add component (AddParameter): Name = "BOM名称"; Value = "2P接插件"; VariantName = "[No Variations]"
Add component (AddParameter): Name = "学习资源"; Value = "www.ooocke.com"; VariantName = "[No Variations]"
Add component (AddParameter): Name = "版权归属"; Value = "源创客"; VariantName = "[No Variations]"
Added Component: Designator=M4(XH2.54-LI-2P)
Add component (AddParameter): Name = "BOM名称"; Value = "2P接插件"; VariantName = "[No Variations]"
Add component (AddParameter): Name = "学习资源"; Value = "www.ooocke.com"; VariantName = "[No Variations]"
Add component (AddParameter): Name = "版权归属"; Value = "源创客"; VariantName = "[No Variations]"
Added Component: Designator=P1(KF128-3.81-2P)
Added Component: Designator=P2(HDR2.54-LI-2x4P)
Add component (AddParameter): Name = "BOM名称"; Value = "4*2P接插件"; VariantName = "[No Variations]"
Add component (AddParameter): Name = "学习资源"; Value = "www.ooocke.com"; VariantName = "[No Variations]"
Add component (AddParameter): Name = "版权归属"; Value = "源创客"; VariantName = "[No Variations]"
Added Component: Designator=P3(XH2.54-LI-3P)
Add component (AddParameter): Name = "BOM名称"; Value = "3P接插件"; VariantName = "[No Variations]"
Add component (AddParameter): Name = "学习资源"; Value = "www.ooocke.com"; VariantName = "[No Variations]"
Add component (AddParameter): Name = "版权归属"; Value = "源创客"; VariantName = "[No Variations]"
Added Component: Designator=P4(XH2.54-LI-3P)
Add component (AddParameter): Name = "BOM名称"; Value = "3P接插件"; VariantName = "[No Variations]"
Add component (AddParameter): Name = "学习资源"; Value = "www.ooocke.com"; VariantName = "[No Variations]"
Add component (AddParameter): Name = "版权归属"; Value = "源创客"; VariantName = "[No Variations]"
Added Component: Designator=P6(HDR2.54-LI-5P)
Add component (AddParameter): Name = "BOM名称"; Value = "5P接插件"; VariantName = "[No Variations]"
Add component (AddParameter): Name = "学习资源"; Value = "www.ooocke.com"; VariantName = "[No Variations]"
Add component (AddParameter): Name = "版权归属"; Value = "源创客"; VariantName = "[No Variations]"
Added Component: Designator=P7(XH2.54-WI-4P)
Add component (AddParameter): Name = "BOM名称"; Value = "4P接插件"; VariantName = "[No Variations]"
Add component (AddParameter): Name = "学习资源"; Value = "www.ooocke.com"; VariantName = "[No Variations]"
Add component (AddParameter): Name = "版权归属"; Value = "源创客"; VariantName = "[No Variations]"
Added Component: Designator=P8(XH2.54-WI-4P)
Add component (AddParameter): Name = "BOM名称"; Value = "4P接插件"; VariantName = "[No Variations]"
Add component (AddParameter): Name = "学习资源"; Value = "www.ooocke.com"; VariantName = "[No Variations]"
Add component (AddParameter): Name = "版权归属"; Value = "源创客"; VariantName = "[No Variations]"
Added Component: Designator=P9(XH2.54-WI-4P)
Add component (AddParameter): Name = "BOM名称"; Value = "4P接插件"; VariantName = "[No Variations]"
Add component (AddParameter): Name = "学习资源"; Value = "www.ooocke.com"; VariantName = "[No Variations]"
Add component (AddParameter): Name = "版权归属"; Value = "源创客"; VariantName = "[No Variations]"
Added Component: Designator=P10(XH2.54-LI-4P)
Add component (AddParameter): Name = "BOM名称"; Value = "4P接插件"; VariantName = "[No Variations]"
Add component (AddParameter): Name = "学习资源"; Value = "www.ooocke.com"; VariantName = "[No Variations]"
Add component (AddParameter): Name = "版权归属"; Value = "源创客"; VariantName = "[No Variations]"
Added Component: Designator=P11(XH2.54-LI-4P)
Add component (AddParameter): Name = "BOM名称"; Value = "4P接插件"; VariantName = "[No Variations]"
Add component (AddParameter): Name = "学习资源"; Value = "www.ooocke.com"; VariantName = "[No Variations]"
Add component (AddParameter): Name = "版权归属"; Value = "源创客"; VariantName = "[No Variations]"
Added Component: Designator=P12(HDR2.54-LI-4P)
Add component (AddParameter): Name = "BOM名称"; Value = "4P接插件"; VariantName = "[No Variations]"
Add component (AddParameter): Name = "学习资源"; Value = "www.ooocke.com"; VariantName = "[No Variations]"
Add component (AddParameter): Name = "版权归属"; Value = "源创客"; VariantName = "[No Variations]"
Added Component: Designator=Q1(SOT23-3N)
Add component (AddParameter): Name = "BOM名称"; Value = "高频放大-NPN型"; VariantName = "[No Variations]"
Add component (AddParameter): Name = "学习资源"; Value = "www.ooocke.com"; VariantName = "[No Variations]"
Add component (AddParameter): Name = "属性"; Value = "40V 1.5A 1W 100MHZ"; VariantName = "[No Variations]"
Add component (AddParameter): Name = "版权归属"; Value = "源创客"; VariantName = "[No Variations]"
Added Component: Designator=R1(R 0603_M)
Add component (AddParameter): Name = "BOM名称"; Value = "贴片电阻"; VariantName = "[No Variations]"
Add component (AddParameter): Name = "学习资源"; Value = "www.ooocke.com"; VariantName = "[No Variations]"
Add component (AddParameter): Name = "版权归属"; Value = "源创客"; VariantName = "[No Variations]"
Added Component: Designator=R2(R 0603_M)
Add component (AddParameter): Name = "BOM名称"; Value = "贴片电阻"; VariantName = "[No Variations]"
Add component (AddParameter): Name = "学习资源"; Value = "www.ooocke.com"; VariantName = "[No Variations]"
Add component (AddParameter): Name = "版权归属"; Value = "源创客"; VariantName = "[No Variations]"
Added Component: Designator=R3(R 0603_M)
Add component (AddParameter): Name = "BOM名称"; Value = "贴片电阻"; VariantName = "[No Variations]"
Add component (AddParameter): Name = "学习资源"; Value = "www.ooocke.com"; VariantName = "[No Variations]"
Add component (AddParameter): Name = "版权归属"; Value = "源创客"; VariantName = "[No Variations]"
Added Component: Designator=R4(R 0603_M)
Add component (AddParameter): Name = "BOM名称"; Value = "贴片电阻"; VariantName = "[No Variations]"
Add component (AddParameter): Name = "学习资源"; Value = "www.ooocke.com"; VariantName = "[No Variations]"
Add component (AddParameter): Name = "版权归属"; Value = "源创客"; VariantName = "[No Variations]"
Added Component: Designator=R5(R 0603_M)
Add component (AddParameter): Name = "BOM名称"; Value = "贴片电阻"; VariantName = "[No Variations]"
Add component (AddParameter): Name = "学习资源"; Value = "www.ooocke.com"; VariantName = "[No Variations]"
Add component (AddParameter): Name = "版权归属"; Value = "源创客"; VariantName = "[No Variations]"
Added Component: Designator=R6(R 0603_M)
Add component (AddParameter): Name = "BOM名称"; Value = "贴片电阻"; VariantName = "[No Variations]"
Add component (AddParameter): Name = "学习资源"; Value = "www.ooocke.com"; VariantName = "[No Variations]"
Add component (AddParameter): Name = "版权归属"; Value = "源创客"; VariantName = "[No Variations]"
Added Component: Designator=R7(R 0603_M)
Add component (AddParameter): Name = "BOM名称"; Value = "贴片电阻"; VariantName = "[No Variations]"
Add component (AddParameter): Name = "学习资源"; Value = "www.ooocke.com"; VariantName = "[No Variations]"
Add component (AddParameter): Name = "版权归属"; Value = "源创客"; VariantName = "[No Variations]"
Added Component: Designator=R8(R 0603_M)
Add component (AddParameter): Name = "BOM名称"; Value = "贴片电阻"; VariantName = "[No Variations]"
Add component (AddParameter): Name = "学习资源"; Value = "www.ooocke.com"; VariantName = "[No Variations]"
Add component (AddParameter): Name = "版权归属"; Value = "源创客"; VariantName = "[No Variations]"
Added Component: Designator=R9(R 0603_M)
Add component (AddParameter): Name = "BOM名称"; Value = "贴片电阻"; VariantName = "[No Variations]"
Add component (AddParameter): Name = "学习资源"; Value = "www.ooocke.com"; VariantName = "[No Variations]"
Add component (AddParameter): Name = "版权归属"; Value = "源创客"; VariantName = "[No Variations]"
Added Component: Designator=R10(R 0603_M)
Add component (AddParameter): Name = "BOM名称"; Value = "贴片电阻"; VariantName = "[No Variations]"
Add component (AddParameter): Name = "学习资源"; Value = "www.ooocke.com"; VariantName = "[No Variations]"
Add component (AddParameter): Name = "版权归属"; Value = "源创客"; VariantName = "[No Variations]"
Added Component: Designator=R11(R 0603_M)
Add component (AddParameter): Name = "BOM名称"; Value = "贴片电阻"; VariantName = "[No Variations]"
Add component (AddParameter): Name = "学习资源"; Value = "www.ooocke.com"; VariantName = "[No Variations]"
Add component (AddParameter): Name = "版权归属"; Value = "源创客"; VariantName = "[No Variations]"
Added Component: Designator=R12(R 0603_M)
Add component (AddParameter): Name = "BOM名称"; Value = "贴片电阻"; VariantName = "[No Variations]"
Add component (AddParameter): Name = "学习资源"; Value = "www.ooocke.com"; VariantName = "[No Variations]"
Add component (AddParameter): Name = "版权归属"; Value = "源创客"; VariantName = "[No Variations]"
Added Component: Designator=R13(R 0603_M)
Add component (AddParameter): Name = "BOM名称"; Value = "贴片电阻"; VariantName = "[No Variations]"
Add component (AddParameter): Name = "学习资源"; Value = "www.ooocke.com"; VariantName = "[No Variations]"
Add component (AddParameter): Name = "版权归属"; Value = "源创客"; VariantName = "[No Variations]"
Added Component: Designator=Raspberry(HDR2.54-LI-2x20P)
Add component (AddParameter): Name = "BOM名称"; Value = "20*2P接插件"; VariantName = "[No Variations]"
Add component (AddParameter): Name = "学习资源"; Value = "www.ooocke.com"; VariantName = "[No Variations]"
Add component (AddParameter): Name = "版权归属"; Value = "源创客"; VariantName = "[No Variations]"
Added Component: Designator=RGB1(LED 3528-4Pin)
Added Component: Designator=RGB2(LED 3528-4Pin)
Added Component: Designator=S2(TSW DIP-3*6*5)
Add component (AddParameter): Name = "BOM名称"; Value = "3x6轻触开关"; VariantName = "[No Variations]"
Add component (AddParameter): Name = "学习资源"; Value = "www.ooocke.com"; VariantName = "[No Variations]"
Add component (AddParameter): Name = "版权归属"; Value = "源创客"; VariantName = "[No Variations]"
Added Component: Designator=S3(TSW DIP-3*6*5)
Add component (AddParameter): Name = "BOM名称"; Value = "3x6轻触开关"; VariantName = "[No Variations]"
Add component (AddParameter): Name = "学习资源"; Value = "www.ooocke.com"; VariantName = "[No Variations]"
Add component (AddParameter): Name = "版权归属"; Value = "源创客"; VariantName = "[No Variations]"
Added Component: Designator=S?(SK-22D02)
Add component (AddParameter): Name = "BOM名称"; Value = "波动开关"; VariantName = "[No Variations]"
Add component (AddParameter): Name = "学习资源"; Value = "www.ooocke.com"; VariantName = "[No Variations]"
Add component (AddParameter): Name = "版权归属"; Value = "源创客"; VariantName = "[No Variations]"
Added Component: Designator=U1(升压模块)
Added Component: Designator=U2(SOP14_M)
Added Component: Designator=U3(TSSOP20_M)
Added Component: Designator=U4(SOP8_M)
Added Component: Designator=U5(SOP8_M)
Added Component: Designator=U6(SOP8_M)
Added Component: Designator=U7(BEEP 5x9x5.5)
Add component (AddParameter): Name = "BOM名称"; Value = "蜂鸣器"; VariantName = "[No Variations]"
Add component (AddParameter): Name = "学习资源"; Value = "www.ooocke.com"; VariantName = "[No Variations]"
Add component (AddParameter): Name = "版权归属"; Value = "源创客"; VariantName = "[No Variations]"
Added Component: Designator=U8(SOP8_M)
Added Pin To Net: NetName=3.3V Pin=P2-2
Added Pin To Net: NetName=3.3V Pin=P2-4
Added Pin To Net: NetName=3.3V Pin=R1-2
Added Pin To Net: NetName=3.3V Pin=Raspberry-1
Added Pin To Net: NetName=3.3V Pin=Raspberry-17
Added Net: Name=3.3V
Added Pin To Net: NetName=ADC_BAT Pin=R4-2
Added Pin To Net: NetName=ADC_BAT Pin=R5-1
Added Pin To Net: NetName=ADC_BAT Pin=U3-6
Added Net: Name=ADC_BAT
Added Pin To Net: NetName=Buzzer Pin=R13-1
Added Pin To Net: NetName=Buzzer Pin=Raspberry-31
Added Net: Name=Buzzer
Added Pin To Net: NetName=GND Pin=1-1
Added Pin To Net: NetName=GND Pin=2-1
Added Pin To Net: NetName=GND Pin=3-1
Added Pin To Net: NetName=GND Pin=4-1
Added Pin To Net: NetName=GND Pin=5-1
Added Pin To Net: NetName=GND Pin=6-1
Added Pin To Net: NetName=GND Pin=C1-2
Added Pin To Net: NetName=GND Pin=C2-1
Added Pin To Net: NetName=GND Pin=C5-2
Added Pin To Net: NetName=GND Pin=C6-2
Added Pin To Net: NetName=GND Pin=D1-2
Added Pin To Net: NetName=GND Pin=P1-2
Added Pin To Net: NetName=GND Pin=P2-1
Added Pin To Net: NetName=GND Pin=P2-3
Added Pin To Net: NetName=GND Pin=P2-5
Added Pin To Net: NetName=GND Pin=P2-7
Added Pin To Net: NetName=GND Pin=P3-1
Added Pin To Net: NetName=GND Pin=P4-1
Added Pin To Net: NetName=GND Pin=P6-5
Added Pin To Net: NetName=GND Pin=P7-2
Added Pin To Net: NetName=GND Pin=P8-2
Added Pin To Net: NetName=GND Pin=P9-2
Added Pin To Net: NetName=GND Pin=P10-2
Added Pin To Net: NetName=GND Pin=P11-2
Added Pin To Net: NetName=GND Pin=P12-1
Added Pin To Net: NetName=GND Pin=Q1-2
Added Pin To Net: NetName=GND Pin=R5-2
Added Pin To Net: NetName=GND Pin=Raspberry-6
Added Pin To Net: NetName=GND Pin=Raspberry-9
Added Pin To Net: NetName=GND Pin=Raspberry-14
Added Pin To Net: NetName=GND Pin=Raspberry-20
Added Pin To Net: NetName=GND Pin=Raspberry-25
Added Pin To Net: NetName=GND Pin=Raspberry-30
Added Pin To Net: NetName=GND Pin=Raspberry-34
Added Pin To Net: NetName=GND Pin=Raspberry-39
Added Pin To Net: NetName=GND Pin=RGB1-3
Added Pin To Net: NetName=GND Pin=RGB2-3
Added Pin To Net: NetName=GND Pin=S2-1
Added Pin To Net: NetName=GND Pin=S3-1
Added Pin To Net: NetName=GND Pin=U1-2
Added Pin To Net: NetName=GND Pin=U1-3
Added Pin To Net: NetName=GND Pin=U2-7
Added Pin To Net: NetName=GND Pin=U3-7
Added Pin To Net: NetName=GND Pin=U4-3
Added Pin To Net: NetName=GND Pin=U5-3
Added Pin To Net: NetName=GND Pin=U6-3
Added Pin To Net: NetName=GND Pin=U8-3
Added Net: Name=GND
Added Pin To Net: NetName=GPIO7 Pin=P11-3
Added Pin To Net: NetName=GPIO7 Pin=Raspberry-26
Added Net: Name=GPIO7
Added Pin To Net: NetName=GPIO8 Pin=P11-4
Added Pin To Net: NetName=GPIO8 Pin=Raspberry-24
Added Net: Name=GPIO8
Added Pin To Net: NetName=GPIO22 Pin=P10-4
Added Pin To Net: NetName=GPIO22 Pin=Raspberry-15
Added Net: Name=GPIO22
Added Pin To Net: NetName=GPIO24 Pin=P10-3
Added Pin To Net: NetName=GPIO24 Pin=Raspberry-18
Added Net: Name=GPIO24
Added Pin To Net: NetName=ICECLK Pin=P6-3
Added Pin To Net: NetName=ICECLK Pin=P7-4
Added Pin To Net: NetName=ICECLK Pin=P8-4
Added Pin To Net: NetName=ICECLK Pin=P9-4
Added Pin To Net: NetName=ICECLK Pin=Raspberry-5
Added Pin To Net: NetName=ICECLK Pin=U3-18
Added Net: Name=ICECLK
Added Pin To Net: NetName=ICEDAT Pin=P6-2
Added Pin To Net: NetName=ICEDAT Pin=P7-3
Added Pin To Net: NetName=ICEDAT Pin=P8-3
Added Pin To Net: NetName=ICEDAT Pin=P9-3
Added Pin To Net: NetName=ICEDAT Pin=Raspberry-3
Added Pin To Net: NetName=ICEDAT Pin=U3-8
Added Net: Name=ICEDAT
Added Pin To Net: NetName=ICERST Pin=P6-4
Added Pin To Net: NetName=ICERST Pin=U3-4
Added Net: Name=ICERST
Added Pin To Net: NetName=Key1 Pin=Raspberry-33
Added Pin To Net: NetName=Key1 Pin=S2-2
Added Net: Name=Key1
Added Pin To Net: NetName=Key2 Pin=Raspberry-16
Added Pin To Net: NetName=Key2 Pin=S3-2
Added Net: Name=Key2
Added Pin To Net: NetName=LED1 Pin=LED1-2
Added Pin To Net: NetName=LED1 Pin=Raspberry-36
Added Net: Name=LED1
Added Pin To Net: NetName=LED2 Pin=LED2-2
Added Pin To Net: NetName=LED2 Pin=Raspberry-37
Added Net: Name=LED2
Added Pin To Net: NetName=Motor1_B Pin=U3-14
Added Pin To Net: NetName=Motor1_B Pin=U4-1
Added Net: Name=Motor1_B
Added Pin To Net: NetName=Motor1_F Pin=U3-11
Added Pin To Net: NetName=Motor1_F Pin=U4-2
Added Net: Name=Motor1_F
Added Pin To Net: NetName=Motor2_B Pin=U3-16
Added Pin To Net: NetName=Motor2_B Pin=U5-1
Added Net: Name=Motor2_B
Added Pin To Net: NetName=Motor2_F Pin=U3-20
Added Pin To Net: NetName=Motor2_F Pin=U5-2
Added Net: Name=Motor2_F
Added Pin To Net: NetName=Motor3_B Pin=U3-15
Added Pin To Net: NetName=Motor3_B Pin=U6-1
Added Net: Name=Motor3_B
Added Pin To Net: NetName=Motor3_F Pin=U3-13
Added Pin To Net: NetName=Motor3_F Pin=U6-2
Added Net: Name=Motor3_F
Added Pin To Net: NetName=Motor4_B Pin=U3-17
Added Pin To Net: NetName=Motor4_B Pin=U8-1
Added Net: Name=Motor4_B
Added Pin To Net: NetName=Motor4_F Pin=U3-19
Added Pin To Net: NetName=Motor4_F Pin=U8-2
Added Net: Name=Motor4_F
Added Pin To Net: NetName=Net1_3 Pin=1-3
Added Pin To Net: NetName=Net1_3 Pin=R6-1
Added Net: Name=Net1_3
Added Pin To Net: NetName=Net2_3 Pin=2-3
Added Pin To Net: NetName=Net2_3 Pin=R7-1
Added Net: Name=Net2_3
Added Pin To Net: NetName=Net3_3 Pin=3-3
Added Pin To Net: NetName=Net3_3 Pin=R8-1
Added Net: Name=Net3_3
Added Pin To Net: NetName=Net4_3 Pin=4-3
Added Pin To Net: NetName=Net4_3 Pin=R10-1
Added Net: Name=Net4_3
Added Pin To Net: NetName=Net5_3 Pin=5-3
Added Pin To Net: NetName=Net5_3 Pin=R11-1
Added Net: Name=Net5_3
Added Pin To Net: NetName=Net6_3 Pin=6-3
Added Pin To Net: NetName=Net6_3 Pin=R12-1
Added Net: Name=Net6_3
Added Pin To Net: NetName=NetC3_1 Pin=C3-1
Added Pin To Net: NetName=NetC3_1 Pin=M1-1
Added Pin To Net: NetName=NetC3_1 Pin=U4-5
Added Pin To Net: NetName=NetC3_1 Pin=U4-6
Added Net: Name=NetC3_1
Added Pin To Net: NetName=NetC3_2 Pin=C3-2
Added Pin To Net: NetName=NetC3_2 Pin=M1-2
Added Pin To Net: NetName=NetC3_2 Pin=U4-7
Added Pin To Net: NetName=NetC3_2 Pin=U4-8
Added Net: Name=NetC3_2
Added Pin To Net: NetName=NetC4_1 Pin=C4-1
Added Pin To Net: NetName=NetC4_1 Pin=M2-1
Added Pin To Net: NetName=NetC4_1 Pin=U5-5
Added Pin To Net: NetName=NetC4_1 Pin=U5-6
Added Net: Name=NetC4_1
Added Pin To Net: NetName=NetC4_2 Pin=C4-2
Added Pin To Net: NetName=NetC4_2 Pin=M2-2
Added Pin To Net: NetName=NetC4_2 Pin=U5-7
Added Pin To Net: NetName=NetC4_2 Pin=U5-8
Added Net: Name=NetC4_2
Added Pin To Net: NetName=NetC7_1 Pin=C7-1
Added Pin To Net: NetName=NetC7_1 Pin=M3-1
Added Pin To Net: NetName=NetC7_1 Pin=U6-5
Added Pin To Net: NetName=NetC7_1 Pin=U6-6
Added Net: Name=NetC7_1
Added Pin To Net: NetName=NetC7_2 Pin=C7-2
Added Pin To Net: NetName=NetC7_2 Pin=M3-2
Added Pin To Net: NetName=NetC7_2 Pin=U6-7
Added Pin To Net: NetName=NetC7_2 Pin=U6-8
Added Net: Name=NetC7_2
Added Pin To Net: NetName=NetC8_1 Pin=C8-1
Added Pin To Net: NetName=NetC8_1 Pin=M4-1
Added Pin To Net: NetName=NetC8_1 Pin=U8-5
Added Pin To Net: NetName=NetC8_1 Pin=U8-6
Added Net: Name=NetC8_1
Added Pin To Net: NetName=NetC8_2 Pin=C8-2
Added Pin To Net: NetName=NetC8_2 Pin=M4-2
Added Pin To Net: NetName=NetC8_2 Pin=U8-7
Added Pin To Net: NetName=NetC8_2 Pin=U8-8
Added Net: Name=NetC8_2
Added Pin To Net: NetName=NetD1_1 Pin=D1-1
Added Pin To Net: NetName=NetD1_1 Pin=R2-1
Added Net: Name=NetD1_1
Added Pin To Net: NetName=NetLED1_1 Pin=LED1-1
Added Pin To Net: NetName=NetLED1_1 Pin=LED2-1
Added Pin To Net: NetName=NetLED1_1 Pin=R9-2
Added Net: Name=NetLED1_1
Added Pin To Net: NetName=NetP1_1 Pin=P1-1
Added Pin To Net: NetName=NetP1_1 Pin=S?-1
Added Pin To Net: NetName=NetP1_1 Pin=S?-6
Added Net: Name=NetP1_1
Added Pin To Net: NetName=NetQ1_1 Pin=Q1-1
Added Pin To Net: NetName=NetQ1_1 Pin=R13-2
Added Net: Name=NetQ1_1
Added Pin To Net: NetName=NetQ1_3 Pin=Q1-3
Added Pin To Net: NetName=NetQ1_3 Pin=U7-2
Added Net: Name=NetQ1_3
Added Pin To Net: NetName=NetR3_2 Pin=R3-2
Added Pin To Net: NetName=NetR3_2 Pin=R4-1
Added Net: Name=NetR3_2
Added Pin To Net: NetName=NetRGB1_2 Pin=RGB1-2
Added Pin To Net: NetName=NetRGB1_2 Pin=RGB2-4
Added Net: Name=NetRGB1_2
Added Pin To Net: NetName=RGB Pin=Raspberry-32
Added Pin To Net: NetName=RGB Pin=RGB1-4
Added Net: Name=RGB
Added Pin To Net: NetName=RX_CON Pin=Raspberry-7
Added Pin To Net: NetName=RX_CON Pin=U2-4
Added Net: Name=RX_CON
Added Pin To Net: NetName=RXD Pin=P12-2
Added Pin To Net: NetName=RXD Pin=Raspberry-10
Added Pin To Net: NetName=RXD Pin=U2-6
Added Net: Name=RXD
Added Pin To Net: NetName=Servo1 Pin=1-2
Added Pin To Net: NetName=Servo1 Pin=2-2
Added Pin To Net: NetName=Servo1 Pin=3-2
Added Pin To Net: NetName=Servo1 Pin=4-2
Added Pin To Net: NetName=Servo1 Pin=C2-2
Added Pin To Net: NetName=Servo1 Pin=C5-1
Added Pin To Net: NetName=Servo1 Pin=C6-1
Added Pin To Net: NetName=Servo1 Pin=P2-6
Added Pin To Net: NetName=Servo1 Pin=P2-8
Added Pin To Net: NetName=Servo1 Pin=P6-1
Added Pin To Net: NetName=Servo1 Pin=P7-1
Added Pin To Net: NetName=Servo1 Pin=P8-1
Added Pin To Net: NetName=Servo1 Pin=P9-1
Added Pin To Net: NetName=Servo1 Pin=P10-1
Added Pin To Net: NetName=Servo1 Pin=P11-1
Added Pin To Net: NetName=Servo1 Pin=P12-4
Added Pin To Net: NetName=Servo1 Pin=R2-2
Added Pin To Net: NetName=Servo1 Pin=R6-2
Added Pin To Net: NetName=Servo1 Pin=R9-1
Added Pin To Net: NetName=Servo1 Pin=Raspberry-2
Added Pin To Net: NetName=Servo1 Pin=Raspberry-4
Added Pin To Net: NetName=Servo1 Pin=RGB1-1
Added Pin To Net: NetName=Servo1 Pin=RGB2-1
Added Pin To Net: NetName=Servo1 Pin=U1-4
Added Pin To Net: NetName=Servo1 Pin=U3-9
Added Pin To Net: NetName=Servo1 Pin=U3-10
Added Pin To Net: NetName=Servo1 Pin=U7-1
Added Net: Name=Servo1
Added Pin To Net: NetName=Servo2 Pin=R7-2
Added Pin To Net: NetName=Servo2 Pin=U3-5
Added Net: Name=Servo2
Added Pin To Net: NetName=Servo3 Pin=R8-2
Added Pin To Net: NetName=Servo3 Pin=U3-3
Added Net: Name=Servo3
Added Pin To Net: NetName=Servo4 Pin=R10-2
Added Pin To Net: NetName=Servo4 Pin=U3-12
Added Net: Name=Servo4
Added Pin To Net: NetName=Servo5 Pin=R11-2
Added Pin To Net: NetName=Servo5 Pin=U3-2
Added Net: Name=Servo5
Added Pin To Net: NetName=Servo6 Pin=R12-2
Added Pin To Net: NetName=Servo6 Pin=U3-1
Added Net: Name=Servo6
Added Pin To Net: NetName=SERVO_SIGNAL Pin=P3-3
Added Pin To Net: NetName=SERVO_SIGNAL Pin=P4-3
Added Pin To Net: NetName=SERVO_SIGNAL Pin=R1-1
Added Pin To Net: NetName=SERVO_SIGNAL Pin=U2-3
Added Pin To Net: NetName=SERVO_SIGNAL Pin=U2-5
Added Net: Name=SERVO_SIGNAL
Added Pin To Net: NetName=TX_CON Pin=Raspberry-13
Added Pin To Net: NetName=TX_CON Pin=U2-1
Added Net: Name=TX_CON
Added Pin To Net: NetName=TXD Pin=P12-3
Added Pin To Net: NetName=TXD Pin=Raspberry-8
Added Pin To Net: NetName=TXD Pin=U2-2
Added Net: Name=TXD
Added Pin To Net: NetName=VBAT Pin=5-2
Added Pin To Net: NetName=VBAT Pin=6-2
Added Pin To Net: NetName=VBAT Pin=C1-1
Added Pin To Net: NetName=VBAT Pin=P3-2
Added Pin To Net: NetName=VBAT Pin=P4-2
Added Pin To Net: NetName=VBAT Pin=R3-1
Added Pin To Net: NetName=VBAT Pin=S?-2
Added Pin To Net: NetName=VBAT Pin=S?-5
Added Pin To Net: NetName=VBAT Pin=U1-1
Added Pin To Net: NetName=VBAT Pin=U4-4
Added Pin To Net: NetName=VBAT Pin=U5-4
Added Pin To Net: NetName=VBAT Pin=U6-4
Added Pin To Net: NetName=VBAT Pin=U8-4
Added Net: Name=VBAT
Added Class: Name=机械臂扩展板2.0
Added Room: Name=机械臂扩展板2.0
